-------------------------------------------------------------------------------
Test set: com.jhay.todo.serviceImpl.UsersServiceImplTest
-------------------------------------------------------------------------------
Tests run: 1, Failures: 1, Errors: 0, Skipped: 0, Time elapsed: 12.683 s <<< FAILURE! - in com.jhay.todo.serviceImpl.UsersServiceImplTest
getUserRegistered  Time elapsed: 0.609 s  <<< FAILURE!
org.opentest4j.AssertionFailedError: expected: <true> but was: <false>
	at com.jhay.todo.serviceImpl.UsersServiceImplTest.getUserRegistered(UsersServiceImplTest.java:27)

